23:37:13: Creating resource group General
23:37:13: Creating resource group Internal
23:37:13: Creating resource group Autodetect
23:37:13: Registering ResourceManager for type Mesh
23:37:13: Registering ResourceManager for type Material
23:37:13: Registering ResourceManager for type Skeleton
23:37:13: XMLMeshSerializer reading mesh data from .\Amblance\amblance.mesh.xml...
23:37:13: Reading geometry...
23:37:13: Geometry done...
23:37:13: Reading submeshes...
23:37:13: Submeshes done.
23:37:13: Reading mesh names...
23:37:13: Mesh names done.
23:37:13: XMLMeshSerializer import successful.
23:37:13: Reorganising vertex buffers to automatic layout..
23:37:13: MeshSerializer writing mesh data to .\Amblance\amblance.mesh...
23:37:13: File header written.
23:37:13: Writing mesh data...
23:37:13: Writing submesh...
23:37:13: Exporting submesh texture aliases...
23:37:13: Submesh texture aliases exported.
23:37:13: Submesh exported.
23:37:13: Exporting bounds information....
23:37:13: Bounds information exported.
23:37:13: Exporting submesh name table...
23:37:13: Submesh name table exported.
23:37:13: Exporting edge lists...
23:37:13: Edge lists exported
23:37:13: Mesh data exported.
23:37:13: MeshSerializer export successful.
23:37:13: Unregistering ResourceManager for type Skeleton
23:37:13: Unregistering ResourceManager for type Material
23:37:14: Unregistering ResourceManager for type Mesh
